00:00.0 Host bridge: Intel Corporation 8th Gen Core Processor Host Bridge/DRAM Registers (rev 0d)
	Subsystem: Lenovo 8th Gen Core Processor Host Bridge/DRAM Registers
	Flags: bus master, fast devsel, latency 0
	Capabilities: <access denied>
	Kernel driver in use: skl_uncore

00:01.0 PCI bridge: Intel Corporation 6th-9th Gen Core Processor PCIe Controller (x16) (rev 0d) (prog-if 00 [Normal decode])
	Flags: bus master, fast devsel, latency 0, IRQ 120
	Bus: primary=00, secondary=01, subordinate=01, sec-latency=0
	I/O behind bridge: 00002000-00002fff [size=4K]
	Memory behind bridge: ed000000-ee0fffff [size=17M]
	Prefetchable memory behind bridge: 00000000c0000000-00000000d1ffffff [size=288M]
	Capabilities: <access denied>
	Kernel driver in use: pcieport

00:04.0 Signal processing controller: Intel Corporation Xeon E3-1200 v5/E3-1500 v5/6th Gen Core Processor Thermal Subsystem (rev 0d)
	Subsystem: Lenovo Xeon E3-1200 v5/E3-1500 v5/6th Gen Core Processor Thermal Subsystem
	Flags: fast devsel, IRQ 255
	Memory at 4040100000 (64-bit, non-prefetchable) [disabled] [size=32K]
	Capabilities: <access denied>

00:08.0 System peripheral: Intel Corporation Xeon E3-1200 v5/v6 / E3-1500 v5 / 6th/7th/8th Gen Core Processor Gaussian Mixture Model
	Subsystem: Lenovo Xeon E3-1200 v5/v6 / E3-1500 v5 / 6th/7th/8th Gen Core Processor Gaussian Mixture Model
	Flags: fast devsel, IRQ 255
	Memory at 4040115000 (64-bit, non-prefetchable) [disabled] [size=4K]
	Capabilities: <access denied>

00:12.0 Signal processing controller: Intel Corporation Cannon Lake PCH Thermal Controller (rev 10)
	Subsystem: Lenovo Cannon Lake PCH Thermal Controller
	Flags: fast devsel, IRQ 255
	Memory at 4040114000 (64-bit, non-prefetchable) [disabled] [size=4K]
	Capabilities: <access denied>

00:14.0 USB controller: Intel Corporation Cannon Lake PCH USB 3.1 xHCI Host Controller (rev 10) (prog-if 30 [XHCI])
	Subsystem: Lenovo Cannon Lake PCH USB 3.1 xHCI Host Controller
	Flags: bus master, medium devsel, latency 0, IRQ 143
	Memory at ee420000 (64-bit, non-prefetchable) [size=64K]
	Capabilities: <access denied>
	Kernel driver in use: xhci_hcd

00:14.2 RAM memory: Intel Corporation Cannon Lake PCH Shared SRAM (rev 10)
	Subsystem: Lenovo Cannon Lake PCH Shared SRAM
	Flags: fast devsel
	Memory at 404010c000 (64-bit, non-prefetchable) [disabled] [size=8K]
	Memory at 4040113000 (64-bit, non-prefetchable) [disabled] [size=4K]
	Capabilities: <access denied>

00:15.0 Serial bus controller [0c80]: Intel Corporation Cannon Lake PCH Serial IO I2C Controller #0 (rev 10)
	Subsystem: Lenovo Cannon Lake PCH Serial IO I2C Controller
	Flags: fast devsel, IRQ 255
	Memory at 4040112000 (64-bit, non-prefetchable) [disabled] [size=4K]
	Capabilities: <access denied>

00:15.1 Serial bus controller [0c80]: Intel Corporation Cannon Lake PCH Serial IO I2C Controller #1 (rev 10)
	Subsystem: Lenovo Cannon Lake PCH Serial IO I2C Controller
	Flags: fast devsel, IRQ 255
	Memory at 4040111000 (64-bit, non-prefetchable) [disabled] [size=4K]
	Capabilities: <access denied>

00:16.0 Communication controller: Intel Corporation Cannon Lake PCH HECI Controller (rev 10)
	Subsystem: Lenovo Cannon Lake PCH HECI Controller
	Flags: fast devsel, IRQ 255
	Memory at 4040110000 (64-bit, non-prefetchable) [disabled] [size=4K]
	Capabilities: <access denied>

00:16.3 Serial controller: Intel Corporation Cannon Lake PCH Active Management Technology - SOL (rev 10) (prog-if 02 [16550])
	Subsystem: Lenovo Cannon Lake PCH Active Management Technology - SOL
	Flags: 66MHz, fast devsel, IRQ 19
	I/O ports at 3020 [size=8]
	Memory at ee431000 (32-bit, non-prefetchable) [size=4K]
	Capabilities: <access denied>
	Kernel driver in use: serial

00:1b.0 PCI bridge: Intel Corporation Cannon Lake PCH PCI Express Root Port #17 (rev f0) (prog-if 00 [Normal decode])
	Flags: bus master, fast devsel, latency 0, IRQ 121
	Bus: primary=00, secondary=02, subordinate=02, sec-latency=0
	I/O behind bridge: [disabled]
	Memory behind bridge: ee300000-ee3fffff [size=1M]
	Prefetchable memory behind bridge: [disabled]
	Capabilities: <access denied>
	Kernel driver in use: pcieport

00:1c.0 PCI bridge: Intel Corporation Cannon Lake PCH PCI Express Root Port #1 (rev f0) (prog-if 00 [Normal decode])
	Flags: bus master, fast devsel, latency 0, IRQ 122
	Bus: primary=00, secondary=04, subordinate=51, sec-latency=0
	I/O behind bridge: 00004000-00006fff [size=12K]
	Memory behind bridge: d4000000-ec1fffff [size=386M]
	Prefetchable memory behind bridge: 0000004000000000-000000403fffffff [size=1G]
	Capabilities: <access denied>
	Kernel driver in use: pcieport

00:1c.5 PCI bridge: Intel Corporation Cannon Lake PCH PCI Express Root Port #6 (rev f0) (prog-if 00 [Normal decode])
	Flags: bus master, fast devsel, latency 0, IRQ 123
	Bus: primary=00, secondary=52, subordinate=52, sec-latency=0
	I/O behind bridge: [disabled]
	Memory behind bridge: ee200000-ee2fffff [size=1M]
	Prefetchable memory behind bridge: [disabled]
	Capabilities: <access denied>
	Kernel driver in use: pcieport

00:1c.7 PCI bridge: Intel Corporation Cannon Lake PCH PCI Express Root Port #8 (rev f0) (prog-if 00 [Normal decode])
	Flags: bus master, fast devsel, latency 0, IRQ 124
	Bus: primary=00, secondary=54, subordinate=54, sec-latency=0
	I/O behind bridge: [disabled]
	Memory behind bridge: ee100000-ee1fffff [size=1M]
	Prefetchable memory behind bridge: [disabled]
	Capabilities: <access denied>
	Kernel driver in use: pcieport

00:1e.0 Communication controller: Intel Corporation Cannon Lake PCH Serial IO UART Host Controller (rev 10)
	Subsystem: Lenovo Cannon Lake PCH Serial IO UART Host Controller
	Flags: fast devsel, IRQ 255
	Memory at 404010f000 (64-bit, non-prefetchable) [disabled] [size=4K]
	Capabilities: <access denied>

00:1f.0 ISA bridge: Intel Corporation Cannon Lake LPC Controller (rev 10)
	Subsystem: Lenovo Cannon Lake LPC Controller
	Flags: bus master, medium devsel, latency 0

00:1f.3 Audio device: Intel Corporation Cannon Lake PCH cAVS (rev 10) (prog-if 80)
	Subsystem: Lenovo Cannon Lake PCH cAVS
	Flags: fast devsel, IRQ 16
	Memory at 4040108000 (64-bit, non-prefetchable) [size=16K]
	Memory at 4040000000 (64-bit, non-prefetchable) [size=1M]
	Capabilities: <access denied>
	Kernel driver in use: snd_hda_intel

00:1f.4 SMBus: Intel Corporation Cannon Lake PCH SMBus Controller (rev 10)
	Subsystem: Lenovo Cannon Lake PCH SMBus Controller
	Flags: medium devsel, IRQ 16
	Memory at 404010e000 (64-bit, non-prefetchable) [size=256]
	I/O ports at efa0 [size=32]
	Kernel driver in use: i801_smbus

00:1f.5 Serial bus controller [0c80]: Intel Corporation Cannon Lake PCH SPI Controller (rev 10)
	Subsystem: Lenovo Cannon Lake PCH SPI Controller
	Flags: fast devsel
	Memory at ee430000 (32-bit, non-prefetchable) [size=4K]

00:1f.6 Ethernet controller: Intel Corporation Ethernet Connection (7) I219-LM (rev 10)
	Subsystem: Lenovo Ethernet Connection (7) I219-LM
	Flags: bus master, fast devsel, latency 0, IRQ 130
	Memory at ee400000 (32-bit, non-prefetchable) [size=128K]
	Capabilities: <access denied>
	Kernel driver in use: e1000e

01:00.0 VGA compatible controller: NVIDIA Corporation TU117GLM [Quadro T2000 Mobile / Max-Q] (rev a1) (prog-if 00 [VGA controller])
	Subsystem: Lenovo TU117GLM [Quadro T2000 Mobile / Max-Q]
	Flags: bus master, fast devsel, latency 0, IRQ 145
	Memory at ed000000 (32-bit, non-prefetchable) [size=16M]
	Memory at c0000000 (64-bit, prefetchable) [size=256M]
	Memory at d0000000 (64-bit, prefetchable) [size=32M]
	I/O ports at 2000 [size=128]
	Expansion ROM at ee080000 [disabled] [size=512K]
	Capabilities: <access denied>
	Kernel driver in use: nouveau
	Kernel modules: nvidiafb, nouveau

01:00.1 Audio device: NVIDIA Corporation Device 10fa (rev a1)
	Subsystem: Lenovo Device 2297
	Flags: fast devsel, IRQ 17
	Memory at ee000000 (32-bit, non-prefetchable) [size=16K]
	Capabilities: <access denied>
	Kernel driver in use: snd_hda_intel

02:00.0 Non-Volatile memory controller: Intel Corporation SSD Pro 7600p/760p/E 6100p Series (rev 03) (prog-if 02 [NVM Express])
	Subsystem: Intel Corporation SSD Pro 7600p/760p/E 6100p Series [NVM Express]
	Flags: bus master, fast devsel, latency 0, IRQ 16, NUMA node 0
	Memory at ee300000 (64-bit, non-prefetchable) [size=16K]
	Capabilities: <access denied>
	Kernel driver in use: nvme

04:00.0 PCI bridge: Intel Corporation JHL7540 Thunderbolt 3 Bridge [Titan Ridge 4C 2018] (rev 06) (prog-if 00 [Normal decode])
	Flags: bus master, fast devsel, latency 0, IRQ 16
	Bus: primary=04, secondary=05, subordinate=51, sec-latency=0
	I/O behind bridge: 00004000-00005fff [size=8K]
	Memory behind bridge: d4000000-ec1fffff [size=386M]
	Prefetchable memory behind bridge: 0000004000000000-000000403fffffff [size=1G]
	Capabilities: <access denied>
	Kernel driver in use: pcieport

05:00.0 PCI bridge: Intel Corporation JHL7540 Thunderbolt 3 Bridge [Titan Ridge 4C 2018] (rev 06) (prog-if 00 [Normal decode])
	Flags: bus master, fast devsel, latency 0, IRQ 125
	Bus: primary=05, secondary=06, subordinate=06, sec-latency=0
	I/O behind bridge: [disabled]
	Memory behind bridge: ec100000-ec1fffff [size=1M]
	Prefetchable memory behind bridge: [disabled]
	Capabilities: <access denied>
	Kernel driver in use: pcieport

05:01.0 PCI bridge: Intel Corporation JHL7540 Thunderbolt 3 Bridge [Titan Ridge 4C 2018] (rev 06) (prog-if 00 [Normal decode])
	Flags: bus master, fast devsel, latency 0, IRQ 126
	Bus: primary=05, secondary=07, subordinate=2b, sec-latency=0
	I/O behind bridge: 00004000-00004fff [size=4K]
	Memory behind bridge: d4000000-dfffffff [size=192M]
	Prefetchable memory behind bridge: 0000004000000000-000000401fffffff [size=512M]
	Capabilities: <access denied>
	Kernel driver in use: pcieport

05:02.0 PCI bridge: Intel Corporation JHL7540 Thunderbolt 3 Bridge [Titan Ridge 4C 2018] (rev 06) (prog-if 00 [Normal decode])
	Flags: bus master, fast devsel, latency 0, IRQ 127
	Bus: primary=05, secondary=2c, subordinate=2c, sec-latency=0
	I/O behind bridge: [disabled]
	Memory behind bridge: e0000000-e00fffff [size=1M]
	Prefetchable memory behind bridge: [disabled]
	Capabilities: <access denied>
	Kernel driver in use: pcieport

05:04.0 PCI bridge: Intel Corporation JHL7540 Thunderbolt 3 Bridge [Titan Ridge 4C 2018] (rev 06) (prog-if 00 [Normal decode])
	Flags: bus master, fast devsel, latency 0, IRQ 128
	Bus: primary=05, secondary=2d, subordinate=51, sec-latency=0
	I/O behind bridge: 00005000-00005fff [size=4K]
	Memory behind bridge: e0100000-ec0fffff [size=192M]
	Prefetchable memory behind bridge: 0000004020000000-000000403fffffff [size=512M]
	Capabilities: <access denied>
	Kernel driver in use: pcieport

06:00.0 System peripheral: Intel Corporation JHL7540 Thunderbolt 3 NHI [Titan Ridge 4C 2018] (rev 06)
	Subsystem: Lenovo JHL7540 Thunderbolt 3 NHI [Titan Ridge 4C 2018]
	Flags: bus master, fast devsel, latency 0, IRQ 255
	Memory at ec100000 (32-bit, non-prefetchable) [size=256K]
	Memory at ec140000 (32-bit, non-prefetchable) [size=4K]
	Capabilities: <access denied>

2c:00.0 USB controller: Intel Corporation JHL7540 Thunderbolt 3 USB Controller [Titan Ridge 4C 2018] (rev 06) (prog-if 30 [XHCI])
	Subsystem: Lenovo JHL7540 Thunderbolt 3 USB Controller [Titan Ridge 4C 2018]
	Flags: fast devsel, IRQ 144
	Memory at e0000000 (32-bit, non-prefetchable) [size=64K]
	Capabilities: <access denied>
	Kernel driver in use: xhci_hcd

52:00.0 Network controller: Intel Corporation Wi-Fi 6 AX200 (rev 1a)
	Subsystem: Intel Corporation Wi-Fi 6 AX200
	Flags: bus master, fast devsel, latency 0, IRQ 17
	Memory at ee200000 (64-bit, non-prefetchable) [size=16K]
	Capabilities: <access denied>
	Kernel driver in use: iwlwifi
	Kernel modules: iwlwifi

54:00.0 Unassigned class [ff00]: Realtek Semiconductor Co., Ltd. RTS525A PCI Express Card Reader (rev 01)
	Subsystem: Lenovo RTS525A PCI Express Card Reader
	Flags: fast devsel, IRQ 255
	Memory at ee100000 (32-bit, non-prefetchable) [disabled] [size=4K]
	Capabilities: <access denied>

